2025-02-05 16:42:55,303 - INFO - Dell5 Dramatic Task Service: Initialization started.
2025-02-05 16:43:02,902 - INFO - Dell5 Dramatic Task Service: Initialization started.
2025-02-05 16:43:03,114 - INFO - Dell5 Dramatic Task Service: Initialization started.
2025-02-05 16:43:03,115 - INFO - Service is now running.
2025-02-05 16:43:03,115 - INFO - Starting Dramatiq worker process...
2025-02-05 18:35:11,680 - INFO - Service is shutting down...
2025-02-05 18:35:11,682 - INFO - Service stopped successfully.
2025-02-06 10:32:25,259 - INFO - Dell5 Dramatic Task Service: Initialization started.
2025-02-06 10:32:25,264 - INFO - Service is now running.
2025-02-06 10:32:25,266 - INFO - Starting Dramatiq worker process...
2025-02-06 10:32:31,836 - INFO - Service is shutting down...
2025-02-06 10:32:31,836 - INFO - Service stopped successfully.
2025-02-06 10:42:13,591 - INFO - Dell5 Dramatic Task Service: Initialization started.
2025-02-06 10:42:25,387 - INFO - Dell5 Dramatic Task Service: Initialization started.
2025-02-06 10:42:25,678 - INFO - Dell5 Dramatic Task Service: Initialization started.
2025-02-06 10:42:25,679 - INFO - Service is now running.
2025-02-06 10:42:25,680 - INFO - Starting Dramatiq worker process...
2025-02-06 10:46:57,962 - INFO - Dell5 Dramatic Task Service: Initialization started.
2025-02-06 10:46:58,014 - INFO - Service is shutting down...
2025-02-06 10:46:58,015 - INFO - Service stopped successfully.
2025-02-06 10:46:58,015 - INFO - Stopping subprocess...
2025-02-06 10:49:04,259 - INFO - Dell5 Dramatic Task Service: Initialization started.
2025-02-06 10:49:09,818 - INFO - Dell5 Dramatic Task Service: Initialization started.
2025-02-06 10:49:10,582 - INFO - Dell5 Dramatic Task Service: Initialization started.
2025-02-06 10:49:10,582 - INFO - Service is now running.
2025-02-06 10:49:10,583 - INFO - Starting Dramatiq worker process...
2025-02-06 10:50:24,507 - INFO - Dell5 Dramatic Task Service: Initialization started.
2025-02-06 10:50:24,534 - INFO - Service is shutting down...
2025-02-06 10:50:24,534 - INFO - Service stopped successfully.
2025-02-06 10:50:24,534 - INFO - Stopping subprocess...
2025-02-06 10:50:24,539 - INFO - Stopping subprocess..waiting for timeout.
2025-02-06 10:55:02,669 - INFO - Dell5 Dramatic Task Service: Initialization started.
2025-02-06 10:55:06,854 - INFO - Dell5 Dramatic Task Service: Initialization started.
2025-02-06 10:55:06,994 - INFO - Dell5 Dramatic Task Service: Initialization started.
2025-02-06 10:55:06,994 - INFO - Service is now running.
2025-02-06 10:55:06,995 - INFO - Starting Dramatiq worker process...
2025-02-06 10:55:31,979 - INFO - Dell5 Dramatic Task Service: Initialization started.
2025-02-06 10:55:32,006 - INFO - Service is shutting down...
2025-02-06 10:55:32,007 - INFO - Service stopped successfully.
2025-02-06 10:55:32,007 - INFO - Stopping subprocess...
2025-02-06 10:55:32,015 - INFO - Subprocess Stopped Successfully.
2025-02-06 10:55:32,016 - INFO - Service stopped successfully.
2025-02-06 13:30:35,856 - INFO - Dell5 Dramatic Task Service: Initialization started.
2025-02-06 13:30:35,856 - INFO - Service is now running.
2025-02-06 13:30:35,857 - INFO - Starting Dramatiq worker process...
2025-02-06 14:41:33,359 - INFO - Service is shutting down...
2025-02-06 14:41:33,361 - INFO - Service stopped successfully.
2025-02-06 14:41:33,361 - INFO - Stopping subprocess...
2025-02-06 14:41:33,369 - INFO - Subprocess Stopped Successfully.
2025-02-06 14:41:33,370 - INFO - Service stopped successfully.
2025-02-07 10:05:26,918 - INFO - Dell5 Dramatic Task Service: Initialization started.
2025-02-07 10:05:26,918 - INFO - Service is now running.
2025-02-07 10:05:26,919 - INFO - Starting Dramatiq worker process...
2025-02-07 10:41:51,189 - INFO - Service is shutting down...
2025-02-07 10:41:51,189 - INFO - Service stopped successfully.
2025-02-07 10:41:51,189 - INFO - Stopping subprocess...
2025-02-07 10:41:51,196 - INFO - Subprocess Stopped Successfully.
2025-02-07 10:41:51,196 - INFO - Service stopped successfully.
2025-02-08 11:43:49,841 - INFO - Dell5 Dramatic Task Service: Initialization started.
2025-02-08 11:43:49,843 - INFO - Service is now running.
2025-02-08 11:43:49,843 - INFO - Starting Dramatiq worker process...
